<?xml version="1.0" encoding="utf-8"?>
<CoverageSession xmlns:xsd="http://www.w3.org/2001/XMLSchema" xmlns:xsi="http://www.w3.org/2001/XMLSchema-instance" Version="0.0.0.0">
  <Summary numSequencePoints="81" visitedSequencePoints="81" numBranchPoints="0" visitedBranchPoints="0" sequenceCoverage="100.0" branchCoverage="0.0" maxCyclomaticComplexity="0" minCyclomaticComplexity="0" maxCrapScore="0" minCrapScore="0" visitedClasses="5" numClasses="5" visitedMethods="19" numMethods="19" />
  <Modules>
    <Module>
      <Summary numSequencePoints="3" visitedSequencePoints="3" numBranchPoints="0" visitedBranchPoints="0" sequenceCoverage="100.0" branchCoverage="0.0" maxCyclomaticComplexity="0" minCyclomaticComplexity="0" maxCrapScore="0" minCrapScore="0" visitedClasses="1" numClasses="1" visitedMethods="1" numMethods="1" />
      <ModuleTime>0001-01-01T00:00:00</ModuleTime>
      <ModuleName>Assembly-CSharp</ModuleName>
      <Files>
        <File uid="29" fullPath="C:/Users/mint/unityWorkfolder/GraduationProject/Assets/Scripts/CallDataModel.cs" />
        <File uid="30" fullPath="C:/Users/mint/unityWorkfolder/GraduationProject/Assets/Scripts/Common/ButtonClickSound.cs" />
        <File uid="31" fullPath="C:/Users/mint/unityWorkfolder/GraduationProject/Assets/Scripts/Common/MoveScene.cs" />
        <File uid="32" fullPath="C:/Users/mint/unityWorkfolder/GraduationProject/Assets/Scripts/FunctionDataModel.cs" />
        <File uid="33" fullPath="C:/Users/mint/unityWorkfolder/GraduationProject/Assets/Scripts/Game/Boss.cs" />
        <File uid="34" fullPath="C:/Users/mint/unityWorkfolder/GraduationProject/Assets/Scripts/Game/Bullet.cs" />
        <File uid="35" fullPath="C:/Users/mint/unityWorkfolder/GraduationProject/Assets/Scripts/Game/BulletPool.cs" />
        <File uid="36" fullPath="C:/Users/mint/unityWorkfolder/GraduationProject/Assets/Scripts/Game/CharacterMover.cs" />
        <File uid="37" fullPath="C:/Users/mint/unityWorkfolder/GraduationProject/Assets/Scripts/Game/GameManager.cs" />
        <File uid="38" fullPath="C:/Users/mint/unityWorkfolder/GraduationProject/Assets/Scripts/Game/RoadDNA.cs" />
        <File uid="39" fullPath="C:/Users/mint/unityWorkfolder/GraduationProject/Assets/Scripts/Inventory/NftManager.cs" />
        <File uid="40" fullPath="C:/Users/mint/unityWorkfolder/GraduationProject/Assets/Scripts/Inventory/PanelActive.cs" />
        <File uid="41" fullPath="C:/Users/mint/unityWorkfolder/GraduationProject/Assets/Scripts/TestScript.cs" />
        <File uid="42" fullPath="C:/Users/mint/unityWorkfolder/GraduationProject/Assets/TextMesh Pro/Examples &amp; Extras/Scripts/ChatController.cs" />
        <File uid="43" fullPath="C:/Users/mint/unityWorkfolder/GraduationProject/Assets/TextMesh Pro/Examples &amp; Extras/Scripts/DropdownSample.cs" />
        <File uid="44" fullPath="C:/Users/mint/unityWorkfolder/GraduationProject/Assets/TextMesh Pro/Examples &amp; Extras/Scripts/EnvMapAnimator.cs" />
        <File uid="45" fullPath="C:/Users/mint/unityWorkfolder/GraduationProject/Assets/Web3Unity/Scripts/Library/ERC1155.cs" />
        <File uid="46" fullPath="C:/Users/mint/unityWorkfolder/GraduationProject/Assets/Web3Unity/Scripts/Library/ERC20.cs" />
        <File uid="47" fullPath="C:/Users/mint/unityWorkfolder/GraduationProject/Assets/Web3Unity/Scripts/Library/ERC721.cs" />
        <File uid="48" fullPath="C:/Users/mint/unityWorkfolder/GraduationProject/Assets/Web3Unity/Scripts/Library/EVM.cs" />
        <File uid="49" fullPath="C:/Users/mint/unityWorkfolder/GraduationProject/Assets/Web3Unity/Scripts/Library/IPFS.cs" />
        <File uid="50" fullPath="C:/Users/mint/unityWorkfolder/GraduationProject/Assets/Web3Unity/Scripts/Library/Web3PrivateKey.cs" />
        <File uid="51" fullPath="C:/Users/mint/unityWorkfolder/GraduationProject/Assets/Web3Unity/Scripts/Library/Web3Wallet.cs" />
        <File uid="52" fullPath="C:/Users/mint/unityWorkfolder/GraduationProject/Assets/Web3Unity/Scripts/Library/WebGL/Web3GL.cs" />
        <File uid="53" fullPath="C:/Users/mint/unityWorkfolder/GraduationProject/Assets/Web3Unity/Scripts/Prefabs/Minter/CreateApprovalWebGL.cs" />
        <File uid="54" fullPath="C:/Users/mint/unityWorkfolder/GraduationProject/Assets/Web3Unity/Scripts/Prefabs/Minter/CreateApprovalWebWallet.cs" />
        <File uid="55" fullPath="C:/Users/mint/unityWorkfolder/GraduationProject/Assets/Web3Unity/Scripts/Prefabs/Minter/GetListedNFTWebWallet.cs" />
        <File uid="56" fullPath="C:/Users/mint/unityWorkfolder/GraduationProject/Assets/Web3Unity/Scripts/Prefabs/Minter/ListNFTWebGL.cs" />
        <File uid="57" fullPath="C:/Users/mint/unityWorkfolder/GraduationProject/Assets/Web3Unity/Scripts/Prefabs/Minter/MintIPFS.cs" />
        <File uid="58" fullPath="C:/Users/mint/unityWorkfolder/GraduationProject/Assets/Web3Unity/Scripts/Prefabs/Minter/MintPK1155.cs" />
        <File uid="59" fullPath="C:/Users/mint/unityWorkfolder/GraduationProject/Assets/Web3Unity/Scripts/Prefabs/Minter/MintPK721.cs" />
        <File uid="60" fullPath="C:/Users/mint/unityWorkfolder/GraduationProject/Assets/Web3Unity/Scripts/Prefabs/Minter/MintWebGL1155.cs" />
        <File uid="61" fullPath="C:/Users/mint/unityWorkfolder/GraduationProject/Assets/Web3Unity/Scripts/Prefabs/Minter/MintWebGL721.cs" />
        <File uid="62" fullPath="C:/Users/mint/unityWorkfolder/GraduationProject/Assets/Web3Unity/Scripts/Prefabs/PrivateKey/SignVerifyPK.cs" />
        <File uid="63" fullPath="C:/Users/mint/unityWorkfolder/GraduationProject/Assets/Web3Unity/Scripts/Prefabs/PrivateKey/Web3PrivateKeyAddressExample.cs" />
        <File uid="64" fullPath="C:/Users/mint/unityWorkfolder/GraduationProject/Assets/Web3Unity/Scripts/Prefabs/PrivateKey/Web3PrivateKeySignMessageExample.cs" />
        <File uid="65" fullPath="C:/Users/mint/unityWorkfolder/GraduationProject/Assets/Web3Unity/Scripts/Prefabs/Wallet/SignVerifyWebWallet.cs" />
        <File uid="66" fullPath="C:/Users/mint/unityWorkfolder/GraduationProject/Assets/Web3Unity/Scripts/Prefabs/Wallet/Web3WalletLogOut.cs" />
        <File uid="67" fullPath="C:/Users/mint/unityWorkfolder/GraduationProject/Assets/Web3Unity/Scripts/Prefabs/Wallet/Web3WalletSha3Example.cs" />
        <File uid="68" fullPath="C:/Users/mint/unityWorkfolder/GraduationProject/Assets/Web3Unity/Scripts/Prefabs/WebGL/WebGLSignOut.cs" />
        <File uid="69" fullPath="C:/Users/mint/unityWorkfolder/GraduationProject/Assets/Web3Unity/Scripts/Prefabs/WebGL/WebGLSignVerifyExample.cs" />
        <File uid="70" fullPath="C:/Users/mint/unityWorkfolder/GraduationProject/Assets/Web3Unity/Scripts/Prefabs/WebGL/WebGLTransfer1155.cs" />
        <File uid="71" fullPath="C:/Users/mint/unityWorkfolder/GraduationProject/Assets/Web3Unity/Scripts/Prefabs/WebGL/WebGLTransfer20.cs" />
        <File uid="72" fullPath="C:/Users/mint/unityWorkfolder/GraduationProject/Assets/Web3Unity/Scripts/Prefabs/WebGL/WebGLTransfer721.cs" />
        <File uid="73" fullPath="C:/Users/mint/unityWorkfolder/GraduationProject/Assets/Web3Unity/Scripts/Scenes/WalletLogin.cs" />
        <File uid="74" fullPath="C:/Users/mint/unityWorkfolder/GraduationProject/Assets/WebGLSupport/WebGLInput/Mobile/WebGLInputMobile.cs" />
        <File uid="75" fullPath="C:/Users/mint/unityWorkfolder/GraduationProject/Assets/WebGLSupport/WebGLInput/WebGLInput.cs" />
        <File uid="76" fullPath="C:/Users/mint/unityWorkfolder/GraduationProject/Assets/WebGLSupport/WebGLInput/Wrapper/WrappedInputField.cs" />
        <File uid="77" fullPath="C:/Users/mint/unityWorkfolder/GraduationProject/Assets/WebGLSupport/WebGLInput/Wrapper/WrappedTMPInputField.cs" />
        <File uid="78" fullPath="C:/Users/mint/unityWorkfolder/GraduationProject/Assets/WebGLSupport/WebGLWindow/WebGLWindow.cs" />
        <File uid="79" fullPath="C:/Users/mint/unityWorkfolder/GraduationProject/Assets/WebGLSupport/WebGLInput/Detail/RebuildChecker.cs" />
        <File uid="80" fullPath="C:/Users/mint/unityWorkfolder/GraduationProject/Assets/Web3Unity/Scripts/Scenes/WebLogin.cs" />
        <File uid="81" fullPath="C:/Users/mint/unityWorkfolder/GraduationProject/Assets/Web3Unity/Scripts/Prefabs/Minter/GetListedNFTWebGL.cs" />
        <File uid="82" fullPath="C:/Users/mint/unityWorkfolder/GraduationProject/Assets/Web3Unity/Scripts/Prefabs/Minter/ListNFTWebWallet.cs" />
        <File uid="83" fullPath="C:/Users/mint/unityWorkfolder/GraduationProject/Assets/Web3Unity/Scripts/Prefabs/Minter/MintWeb3Wallet1155.cs" />
        <File uid="84" fullPath="C:/Users/mint/unityWorkfolder/GraduationProject/Assets/Web3Unity/Scripts/Prefabs/Minter/MintWeb3Wallet721.cs" />
        <File uid="85" fullPath="C:/Users/mint/unityWorkfolder/GraduationProject/Assets/TextMesh Pro/Examples &amp; Extras/Scripts/TMP_DigitValidator.cs" />
        <File uid="86" fullPath="C:/Users/mint/unityWorkfolder/GraduationProject/Assets/TextMesh Pro/Examples &amp; Extras/Scripts/TMP_PhoneNumberValidator.cs" />
        <File uid="87" fullPath="C:/Users/mint/unityWorkfolder/GraduationProject/Assets/TextMesh Pro/Examples &amp; Extras/Scripts/TMP_TextEventHandler.cs" />
        <File uid="88" fullPath="C:/Users/mint/unityWorkfolder/GraduationProject/Assets/TextMesh Pro/Examples &amp; Extras/Scripts/Benchmark01.cs" />
        <File uid="89" fullPath="C:/Users/mint/unityWorkfolder/GraduationProject/Assets/TextMesh Pro/Examples &amp; Extras/Scripts/Benchmark01_UGUI.cs" />
        <File uid="90" fullPath="C:/Users/mint/unityWorkfolder/GraduationProject/Assets/TextMesh Pro/Examples &amp; Extras/Scripts/Benchmark02.cs" />
        <File uid="91" fullPath="C:/Users/mint/unityWorkfolder/GraduationProject/Assets/TextMesh Pro/Examples &amp; Extras/Scripts/Benchmark03.cs" />
        <File uid="92" fullPath="C:/Users/mint/unityWorkfolder/GraduationProject/Assets/TextMesh Pro/Examples &amp; Extras/Scripts/Benchmark04.cs" />
        <File uid="93" fullPath="C:/Users/mint/unityWorkfolder/GraduationProject/Assets/TextMesh Pro/Examples &amp; Extras/Scripts/CameraController.cs" />
        <File uid="94" fullPath="C:/Users/mint/unityWorkfolder/GraduationProject/Assets/TextMesh Pro/Examples &amp; Extras/Scripts/ObjectSpin.cs" />
        <File uid="95" fullPath="C:/Users/mint/unityWorkfolder/GraduationProject/Assets/TextMesh Pro/Examples &amp; Extras/Scripts/ShaderPropAnimator.cs" />
        <File uid="96" fullPath="C:/Users/mint/unityWorkfolder/GraduationProject/Assets/TextMesh Pro/Examples &amp; Extras/Scripts/SimpleScript.cs" />
        <File uid="97" fullPath="C:/Users/mint/unityWorkfolder/GraduationProject/Assets/TextMesh Pro/Examples &amp; Extras/Scripts/SkewTextExample.cs" />
        <File uid="98" fullPath="C:/Users/mint/unityWorkfolder/GraduationProject/Assets/TextMesh Pro/Examples &amp; Extras/Scripts/TMP_ExampleScript_01.cs" />
        <File uid="99" fullPath="C:/Users/mint/unityWorkfolder/GraduationProject/Assets/TextMesh Pro/Examples &amp; Extras/Scripts/TMP_FrameRateCounter.cs" />
        <File uid="100" fullPath="C:/Users/mint/unityWorkfolder/GraduationProject/Assets/TextMesh Pro/Examples &amp; Extras/Scripts/TMP_TextEventCheck.cs" />
        <File uid="101" fullPath="C:/Users/mint/unityWorkfolder/GraduationProject/Assets/TextMesh Pro/Examples &amp; Extras/Scripts/TMP_TextInfoDebugTool.cs" />
        <File uid="102" fullPath="C:/Users/mint/unityWorkfolder/GraduationProject/Assets/TextMesh Pro/Examples &amp; Extras/Scripts/TMP_TextSelector_A.cs" />
        <File uid="103" fullPath="C:/Users/mint/unityWorkfolder/GraduationProject/Assets/TextMesh Pro/Examples &amp; Extras/Scripts/TMP_TextSelector_B.cs" />
        <File uid="104" fullPath="C:/Users/mint/unityWorkfolder/GraduationProject/Assets/TextMesh Pro/Examples &amp; Extras/Scripts/TMP_UiFrameRateCounter.cs" />
        <File uid="105" fullPath="C:/Users/mint/unityWorkfolder/GraduationProject/Assets/TextMesh Pro/Examples &amp; Extras/Scripts/TMPro_InstructionOverlay.cs" />
        <File uid="106" fullPath="C:/Users/mint/unityWorkfolder/GraduationProject/Assets/TextMesh Pro/Examples &amp; Extras/Scripts/TeleType.cs" />
        <File uid="107" fullPath="C:/Users/mint/unityWorkfolder/GraduationProject/Assets/TextMesh Pro/Examples &amp; Extras/Scripts/TextConsoleSimulator.cs" />
        <File uid="108" fullPath="C:/Users/mint/unityWorkfolder/GraduationProject/Assets/TextMesh Pro/Examples &amp; Extras/Scripts/TextMeshProFloatingText.cs" />
        <File uid="109" fullPath="C:/Users/mint/unityWorkfolder/GraduationProject/Assets/TextMesh Pro/Examples &amp; Extras/Scripts/TextMeshSpawner.cs" />
        <File uid="110" fullPath="C:/Users/mint/unityWorkfolder/GraduationProject/Assets/TextMesh Pro/Examples &amp; Extras/Scripts/VertexColorCycler.cs" />
        <File uid="111" fullPath="C:/Users/mint/unityWorkfolder/GraduationProject/Assets/TextMesh Pro/Examples &amp; Extras/Scripts/VertexJitter.cs" />
        <File uid="112" fullPath="C:/Users/mint/unityWorkfolder/GraduationProject/Assets/TextMesh Pro/Examples &amp; Extras/Scripts/VertexShakeA.cs" />
        <File uid="113" fullPath="C:/Users/mint/unityWorkfolder/GraduationProject/Assets/TextMesh Pro/Examples &amp; Extras/Scripts/VertexShakeB.cs" />
        <File uid="114" fullPath="C:/Users/mint/unityWorkfolder/GraduationProject/Assets/TextMesh Pro/Examples &amp; Extras/Scripts/VertexZoom.cs" />
        <File uid="115" fullPath="C:/Users/mint/unityWorkfolder/GraduationProject/Assets/TextMesh Pro/Examples &amp; Extras/Scripts/WarpTextExample.cs" />
        <File uid="116" fullPath="C:/Users/mint/unityWorkfolder/GraduationProject/Assets/Scripts/Recruit/Recruitement.cs" />
        <File uid="117" fullPath="C:/Users/mint/unityWorkfolder/GraduationProject/Assets/Scripts/WebglCode/CreateToken.cs" />
        <File uid="118" fullPath="C:/Users/mint/unityWorkfolder/GraduationProject/Assets/Scripts/WebglCode/SearchDna.cs" />
        <File uid="119" fullPath="C:/Users/mint/unityWorkfolder/GraduationProject/Assets/Web3Unity/Prefabs/ERC1155/ImportNFTTextureExample.cs" />
        <File uid="120" fullPath="C:/Users/mint/unityWorkfolder/GraduationProject/Assets/Web3Unity/Scripts/Prefabs/ERC1155/ERC1155BalanceOfBatchExample.cs" />
        <File uid="121" fullPath="C:/Users/mint/unityWorkfolder/GraduationProject/Assets/Web3Unity/Scripts/Prefabs/ERC1155/ERC1155BalanceOfExample.cs" />
        <File uid="122" fullPath="C:/Users/mint/unityWorkfolder/GraduationProject/Assets/Web3Unity/Scripts/Prefabs/ERC1155/ERC1155URIExample.cs" />
        <File uid="123" fullPath="C:/Users/mint/unityWorkfolder/GraduationProject/Assets/Web3Unity/Scripts/Prefabs/ERC20/ERC20BalanceOfExample.cs" />
        <File uid="124" fullPath="C:/Users/mint/unityWorkfolder/GraduationProject/Assets/Web3Unity/Scripts/Prefabs/ERC20/ERC20DecimalsExample.cs" />
        <File uid="125" fullPath="C:/Users/mint/unityWorkfolder/GraduationProject/Assets/Web3Unity/Scripts/Prefabs/ERC20/ERC20NameExample.cs" />
        <File uid="126" fullPath="C:/Users/mint/unityWorkfolder/GraduationProject/Assets/Web3Unity/Scripts/Prefabs/ERC20/ERC20SymbolExample.cs" />
        <File uid="127" fullPath="C:/Users/mint/unityWorkfolder/GraduationProject/Assets/Web3Unity/Scripts/Prefabs/ERC20/ERC20TotalSupplyExample.cs" />
        <File uid="128" fullPath="C:/Users/mint/unityWorkfolder/GraduationProject/Assets/Web3Unity/Scripts/Prefabs/ERC721/ERC721BalanceOfExample.cs" />
        <File uid="129" fullPath="C:/Users/mint/unityWorkfolder/GraduationProject/Assets/Web3Unity/Scripts/Prefabs/ERC721/ERC721OwnerOfBatchExample.cs" />
        <File uid="130" fullPath="C:/Users/mint/unityWorkfolder/GraduationProject/Assets/Web3Unity/Scripts/Prefabs/ERC721/ERC721OwnerOfExample.cs" />
        <File uid="131" fullPath="C:/Users/mint/unityWorkfolder/GraduationProject/Assets/Web3Unity/Scripts/Prefabs/ERC721/ERC721URIExample.cs" />
        <File uid="132" fullPath="C:/Users/mint/unityWorkfolder/GraduationProject/Assets/Web3Unity/Scripts/Prefabs/EVM/AllErc1155Example.cs" />
        <File uid="133" fullPath="C:/Users/mint/unityWorkfolder/GraduationProject/Assets/Web3Unity/Scripts/Prefabs/EVM/AllErc721Example.cs" />
        <File uid="134" fullPath="C:/Users/mint/unityWorkfolder/GraduationProject/Assets/Web3Unity/Scripts/Prefabs/EVM/BlockNumberExample.cs" />
        <File uid="135" fullPath="C:/Users/mint/unityWorkfolder/GraduationProject/Assets/Web3Unity/Scripts/Prefabs/EVM/CreateContractDataExample.cs" />
        <File uid="136" fullPath="C:/Users/mint/unityWorkfolder/GraduationProject/Assets/Web3Unity/Scripts/Prefabs/EVM/CustomCallExample.cs" />
        <File uid="137" fullPath="C:/Users/mint/unityWorkfolder/GraduationProject/Assets/Web3Unity/Scripts/Prefabs/EVM/CustomRPCExample.cs" />
        <File uid="138" fullPath="C:/Users/mint/unityWorkfolder/GraduationProject/Assets/Web3Unity/Scripts/Prefabs/EVM/EthBalanceOfExample.cs" />
        <File uid="139" fullPath="C:/Users/mint/unityWorkfolder/GraduationProject/Assets/Web3Unity/Scripts/Prefabs/EVM/NonceExample.cs" />
        <File uid="140" fullPath="C:/Users/mint/unityWorkfolder/GraduationProject/Assets/Web3Unity/Scripts/Prefabs/EVM/TxStatus.cs" />
        <File uid="141" fullPath="C:/Users/mint/unityWorkfolder/GraduationProject/Assets/Web3Unity/Scripts/Prefabs/EVM/VerifyExample.cs" />
        <File uid="142" fullPath="C:/Users/mint/unityWorkfolder/GraduationProject/Assets/Web3Unity/Scripts/Prefabs/IPFS/IPFSUploadExample.cs" />
        <File uid="143" fullPath="C:/Users/mint/unityWorkfolder/GraduationProject/Assets/Web3Unity/Scripts/Prefabs/Minter/GetVoucherWeb3Wallet1155.cs" />
        <File uid="144" fullPath="C:/Users/mint/unityWorkfolder/GraduationProject/Assets/Web3Unity/Scripts/Prefabs/Minter/GetVoucherWeb3Wallet721.cs" />
        <File uid="145" fullPath="C:/Users/mint/unityWorkfolder/GraduationProject/Assets/Web3Unity/Scripts/Prefabs/Minter/GetVoucherWebGL1155.cs" />
        <File uid="146" fullPath="C:/Users/mint/unityWorkfolder/GraduationProject/Assets/Web3Unity/Scripts/Prefabs/Minter/GetVoucherWebGL721.cs" />
        <File uid="147" fullPath="C:/Users/mint/unityWorkfolder/GraduationProject/Assets/Web3Unity/Scripts/Prefabs/PrivateKey/Web3PrivateKeySend1155Example.cs" />
        <File uid="148" fullPath="C:/Users/mint/unityWorkfolder/GraduationProject/Assets/Web3Unity/Scripts/Prefabs/PrivateKey/Web3PrivateKeySend20Example.cs" />
        <File uid="149" fullPath="C:/Users/mint/unityWorkfolder/GraduationProject/Assets/Web3Unity/Scripts/Prefabs/PrivateKey/Web3PrivateKeySend721Example.cs" />
        <File uid="150" fullPath="C:/Users/mint/unityWorkfolder/GraduationProject/Assets/Web3Unity/Scripts/Prefabs/PrivateKey/Web3PrivateKeySendTransactionExample.cs" />
        <File uid="151" fullPath="C:/Users/mint/unityWorkfolder/GraduationProject/Assets/Web3Unity/Scripts/Prefabs/Wallet/Web3WalletSendTransactionExample.cs" />
        <File uid="152" fullPath="C:/Users/mint/unityWorkfolder/GraduationProject/Assets/Web3Unity/Scripts/Prefabs/Wallet/Web3WalletSignMessageExample.cs" />
        <File uid="153" fullPath="C:/Users/mint/unityWorkfolder/GraduationProject/Assets/Web3Unity/Scripts/Prefabs/Wallet/Web3WalletTransfer1155Example.cs" />
        <File uid="154" fullPath="C:/Users/mint/unityWorkfolder/GraduationProject/Assets/Web3Unity/Scripts/Prefabs/Wallet/Web3WalletTransfer20Example.cs" />
        <File uid="155" fullPath="C:/Users/mint/unityWorkfolder/GraduationProject/Assets/Web3Unity/Scripts/Prefabs/Wallet/Web3WalletTransfer721Example.cs" />
        <File uid="156" fullPath="C:/Users/mint/unityWorkfolder/GraduationProject/Assets/Web3Unity/Scripts/Prefabs/WebGL/WebGLSendContractExample.cs" />
        <File uid="157" fullPath="C:/Users/mint/unityWorkfolder/GraduationProject/Assets/Web3Unity/Scripts/Prefabs/WebGL/WebGLSendTransactionExample.cs" />
        <File uid="158" fullPath="C:/Users/mint/unityWorkfolder/GraduationProject/Assets/Web3Unity/Scripts/Prefabs/WebGL/WebGLSha3Example.cs" />
        <File uid="159" fullPath="C:/Users/mint/unityWorkfolder/GraduationProject/Assets/Web3Unity/Scripts/Prefabs/WebGL/WebGLSignMessageExample.cs" />
        <File uid="160" fullPath="C:/Users/mint/unityWorkfolder/GraduationProject/Assets/Scripts/Lobby/UpdateTotalCoin.cs" />
      </Files>
      <Classes>
        <Class>
          <Summary numSequencePoints="3" visitedSequencePoints="3" numBranchPoints="0" visitedBranchPoints="0" sequenceCoverage="100.0" branchCoverage="0.0" maxCyclomaticComplexity="0" minCyclomaticComplexity="0" maxCrapScore="0" minCrapScore="0" visitedClasses="1" numClasses="1" visitedMethods="1" numMethods="1" />
          <FullName>Recruit.Recruitement</FullName>
          <Methods>
            <Method visited="true" cyclomaticComplexity="0" nPathComplexity="0" sequenceCoverage="100.0" branchCoverage="0" crapScore="0" isConstructor="true" isStatic="false" isGetter="false" isSetter="false">
              <Summary numSequencePoints="3" visitedSequencePoints="3" numBranchPoints="0" visitedBranchPoints="0" sequenceCoverage="100.0" branchCoverage="0" maxCyclomaticComplexity="0" minCyclomaticComplexity="0" maxCrapScore="0" minCrapScore="0" visitedClasses="0" numClasses="0" visitedMethods="1" numMethods="1" />
              <MetadataToken>100663938</MetadataToken>
              <Name>Recruit.Recruitement::Recruitement()</Name>
              <FileRef uid="116" />
              <SequencePoints>
                <SequencePoint vc="1" uspid="13244" ordinal="0" offset="0" sl="13" sc="20" el="13" ec="20" bec="0" bev="0" fileid="116" />
                <SequencePoint vc="1" uspid="13245" ordinal="0" offset="7" sl="14" sc="20" el="14" ec="20" bec="0" bev="0" fileid="116" />
                <SequencePoint vc="1" uspid="13246" ordinal="0" offset="14" sl="15" sc="20" el="15" ec="20" bec="0" bev="0" fileid="116" />
              </SequencePoints>
              <BranchPoints />
            </Method>
          </Methods>
        </Class>
      </Classes>
    </Module>
    <Module>
      <Summary numSequencePoints="78" visitedSequencePoints="78" numBranchPoints="0" visitedBranchPoints="0" sequenceCoverage="100.0" branchCoverage="0.0" maxCyclomaticComplexity="0" minCyclomaticComplexity="0" maxCrapScore="0" minCrapScore="0" visitedClasses="4" numClasses="4" visitedMethods="18" numMethods="18" />
      <ModuleTime>0001-01-01T00:00:00</ModuleTime>
      <ModuleName>Tests</ModuleName>
      <Files>
        <File uid="161" fullPath="C:/Users/mint/unityWorkfolder/GraduationProject/Assets/Tests/DnaForTest.cs" />
        <File uid="162" fullPath="C:/Users/mint/unityWorkfolder/GraduationProject/Assets/Tests/PresentForTest.cs" />
        <File uid="163" fullPath="C:/Users/mint/unityWorkfolder/GraduationProject/Assets/Tests/RecruitForTest.cs" />
        <File uid="164" fullPath="C:/Users/mint/unityWorkfolder/GraduationProject/Assets/Tests/UnitTest.cs" />
      </Files>
      <Classes>
        <Class>
          <Summary numSequencePoints="6" visitedSequencePoints="6" numBranchPoints="0" visitedBranchPoints="0" sequenceCoverage="100.0" branchCoverage="0.0" maxCyclomaticComplexity="0" minCyclomaticComplexity="0" maxCrapScore="0" minCrapScore="0" visitedClasses="1" numClasses="1" visitedMethods="1" numMethods="1" />
          <FullName>DnaForTest</FullName>
          <Methods>
            <Method visited="true" cyclomaticComplexity="0" nPathComplexity="0" sequenceCoverage="100.0" branchCoverage="0" crapScore="0" isConstructor="false" isStatic="false" isGetter="false" isSetter="false">
              <Summary numSequencePoints="6" visitedSequencePoints="6" numBranchPoints="0" visitedBranchPoints="0" sequenceCoverage="100.0" branchCoverage="0" maxCyclomaticComplexity="0" minCyclomaticComplexity="0" maxCrapScore="0" minCrapScore="0" visitedClasses="0" numClasses="0" visitedMethods="1" numMethods="1" />
              <MetadataToken>100663297</MetadataToken>
              <Name>System.Boolean DnaForTest::CheckDna(System.Int32)</Name>
              <FileRef uid="161" />
              <SequencePoints>
                <SequencePoint vc="2" uspid="15849" ordinal="0" offset="0" sl="8" sc="5" el="8" ec="5" bec="0" bev="0" fileid="161" />
                <SequencePoint vc="2" uspid="15850" ordinal="0" offset="1" sl="9" sc="9" el="9" ec="9" bec="0" bev="0" fileid="161" />
                <SequencePoint vc="1" uspid="15851" ordinal="0" offset="20" sl="10" sc="9" el="10" ec="9" bec="0" bev="0" fileid="161" />
                <SequencePoint vc="1" uspid="15852" ordinal="0" offset="21" sl="11" sc="13" el="11" ec="13" bec="0" bev="0" fileid="161" />
                <SequencePoint vc="1" uspid="15853" ordinal="0" offset="25" sl="14" sc="9" el="14" ec="9" bec="0" bev="0" fileid="161" />
                <SequencePoint vc="2" uspid="15854" ordinal="0" offset="29" sl="15" sc="5" el="15" ec="5" bec="0" bev="0" fileid="161" />
              </SequencePoints>
              <BranchPoints />
            </Method>
          </Methods>
        </Class>
        <Class>
          <Summary numSequencePoints="14" visitedSequencePoints="14" numBranchPoints="0" visitedBranchPoints="0" sequenceCoverage="100.0" branchCoverage="0.0" maxCyclomaticComplexity="0" minCyclomaticComplexity="0" maxCrapScore="0" minCrapScore="0" visitedClasses="1" numClasses="1" visitedMethods="3" numMethods="3" />
          <FullName>PresentForTest</FullName>
          <Methods>
            <Method visited="true" cyclomaticComplexity="0" nPathComplexity="0" sequenceCoverage="100.0" branchCoverage="0" crapScore="0" isConstructor="false" isStatic="false" isGetter="false" isSetter="false">
              <Summary numSequencePoints="6" visitedSequencePoints="6" numBranchPoints="0" visitedBranchPoints="0" sequenceCoverage="100.0" branchCoverage="0" maxCyclomaticComplexity="0" minCyclomaticComplexity="0" maxCrapScore="0" minCrapScore="0" visitedClasses="0" numClasses="0" visitedMethods="1" numMethods="1" />
              <MetadataToken>100663301</MetadataToken>
              <Name>System.Boolean PresentForTest::VerifyWalletAddress(System.String)</Name>
              <FileRef uid="162" />
              <SequencePoints>
                <SequencePoint vc="2" uspid="15857" ordinal="0" offset="0" sl="14" sc="5" el="14" ec="5" bec="0" bev="0" fileid="162" />
                <SequencePoint vc="2" uspid="15858" ordinal="0" offset="1" sl="15" sc="9" el="15" ec="9" bec="0" bev="0" fileid="162" />
                <SequencePoint vc="1" uspid="15859" ordinal="0" offset="17" sl="16" sc="9" el="16" ec="9" bec="0" bev="0" fileid="162" />
                <SequencePoint vc="1" uspid="15860" ordinal="0" offset="18" sl="17" sc="13" el="17" ec="13" bec="0" bev="0" fileid="162" />
                <SequencePoint vc="1" uspid="15861" ordinal="0" offset="22" sl="20" sc="9" el="20" ec="9" bec="0" bev="0" fileid="162" />
                <SequencePoint vc="2" uspid="15862" ordinal="0" offset="26" sl="21" sc="5" el="21" ec="5" bec="0" bev="0" fileid="162" />
              </SequencePoints>
              <BranchPoints />
            </Method>
            <Method visited="true" cyclomaticComplexity="0" nPathComplexity="0" sequenceCoverage="100.0" branchCoverage="0" crapScore="0" isConstructor="false" isStatic="false" isGetter="false" isSetter="false">
              <Summary numSequencePoints="6" visitedSequencePoints="6" numBranchPoints="0" visitedBranchPoints="0" sequenceCoverage="100.0" branchCoverage="0" maxCyclomaticComplexity="0" minCyclomaticComplexity="0" maxCrapScore="0" minCrapScore="0" visitedClasses="0" numClasses="0" visitedMethods="1" numMethods="1" />
              <MetadataToken>100663302</MetadataToken>
              <Name>System.Boolean PresentForTest::Verifycharater(System.Int32)</Name>
              <FileRef uid="162" />
              <SequencePoints>
                <SequencePoint vc="2" uspid="15863" ordinal="0" offset="0" sl="24" sc="5" el="24" ec="5" bec="0" bev="0" fileid="162" />
                <SequencePoint vc="2" uspid="15864" ordinal="0" offset="1" sl="25" sc="9" el="25" ec="9" bec="0" bev="0" fileid="162" />
                <SequencePoint vc="1" uspid="15865" ordinal="0" offset="17" sl="26" sc="9" el="26" ec="9" bec="0" bev="0" fileid="162" />
                <SequencePoint vc="1" uspid="15866" ordinal="0" offset="18" sl="27" sc="13" el="27" ec="13" bec="0" bev="0" fileid="162" />
                <SequencePoint vc="1" uspid="15867" ordinal="0" offset="22" sl="30" sc="9" el="30" ec="9" bec="0" bev="0" fileid="162" />
                <SequencePoint vc="2" uspid="15868" ordinal="0" offset="26" sl="31" sc="5" el="31" ec="5" bec="0" bev="0" fileid="162" />
              </SequencePoints>
              <BranchPoints />
            </Method>
            <Method visited="true" cyclomaticComplexity="0" nPathComplexity="0" sequenceCoverage="100.0" branchCoverage="0" crapScore="0" isConstructor="true" isStatic="false" isGetter="false" isSetter="false">
              <Summary numSequencePoints="2" visitedSequencePoints="2" numBranchPoints="0" visitedBranchPoints="0" sequenceCoverage="100.0" branchCoverage="0" maxCyclomaticComplexity="0" minCyclomaticComplexity="0" maxCrapScore="0" minCrapScore="0" visitedClasses="0" numClasses="0" visitedMethods="1" numMethods="1" />
              <MetadataToken>100663303</MetadataToken>
              <Name>PresentForTest::PresentForTest()</Name>
              <FileRef uid="162" />
              <SequencePoints>
                <SequencePoint vc="1" uspid="15869" ordinal="0" offset="0" sl="7" sc="5" el="7" ec="5" bec="0" bev="0" fileid="162" />
                <SequencePoint vc="1" uspid="15870" ordinal="0" offset="11" sl="8" sc="5" el="8" ec="5" bec="0" bev="0" fileid="162" />
              </SequencePoints>
              <BranchPoints />
            </Method>
          </Methods>
        </Class>
        <Class>
          <Summary numSequencePoints="15" visitedSequencePoints="15" numBranchPoints="0" visitedBranchPoints="0" sequenceCoverage="100.0" branchCoverage="0.0" maxCyclomaticComplexity="0" minCyclomaticComplexity="0" maxCrapScore="0" minCrapScore="0" visitedClasses="1" numClasses="1" visitedMethods="3" numMethods="3" />
          <FullName>RecruitForTest</FullName>
          <Methods>
            <Method visited="true" cyclomaticComplexity="0" nPathComplexity="0" sequenceCoverage="100.0" branchCoverage="0" crapScore="0" isConstructor="false" isStatic="false" isGetter="false" isSetter="false">
              <Summary numSequencePoints="6" visitedSequencePoints="6" numBranchPoints="0" visitedBranchPoints="0" sequenceCoverage="100.0" branchCoverage="0" maxCyclomaticComplexity="0" minCyclomaticComplexity="0" maxCrapScore="0" minCrapScore="0" visitedClasses="0" numClasses="0" visitedMethods="1" numMethods="1" />
              <MetadataToken>100663306</MetadataToken>
              <Name>System.Boolean RecruitForTest::VerifySmartContractAddress(System.String)</Name>
              <FileRef uid="163" />
              <SequencePoints>
                <SequencePoint vc="2" uspid="15873" ordinal="0" offset="0" sl="14" sc="5" el="14" ec="5" bec="0" bev="0" fileid="163" />
                <SequencePoint vc="2" uspid="15874" ordinal="0" offset="1" sl="15" sc="9" el="15" ec="9" bec="0" bev="0" fileid="163" />
                <SequencePoint vc="1" uspid="15875" ordinal="0" offset="17" sl="16" sc="9" el="16" ec="9" bec="0" bev="0" fileid="163" />
                <SequencePoint vc="1" uspid="15876" ordinal="0" offset="18" sl="17" sc="13" el="17" ec="13" bec="0" bev="0" fileid="163" />
                <SequencePoint vc="1" uspid="15877" ordinal="0" offset="22" sl="20" sc="9" el="20" ec="9" bec="0" bev="0" fileid="163" />
                <SequencePoint vc="2" uspid="15878" ordinal="0" offset="26" sl="21" sc="5" el="21" ec="5" bec="0" bev="0" fileid="163" />
              </SequencePoints>
              <BranchPoints />
            </Method>
            <Method visited="true" cyclomaticComplexity="0" nPathComplexity="0" sequenceCoverage="100.0" branchCoverage="0" crapScore="0" isConstructor="false" isStatic="false" isGetter="false" isSetter="false">
              <Summary numSequencePoints="7" visitedSequencePoints="7" numBranchPoints="0" visitedBranchPoints="0" sequenceCoverage="100.0" branchCoverage="0" maxCyclomaticComplexity="0" minCyclomaticComplexity="0" maxCrapScore="0" minCrapScore="0" visitedClasses="0" numClasses="0" visitedMethods="1" numMethods="1" />
              <MetadataToken>100663307</MetadataToken>
              <Name>System.Boolean RecruitForTest::VerifyGold(System.Int32)</Name>
              <FileRef uid="163" />
              <SequencePoints>
                <SequencePoint vc="2" uspid="15879" ordinal="0" offset="0" sl="24" sc="5" el="24" ec="5" bec="0" bev="0" fileid="163" />
                <SequencePoint vc="2" uspid="15880" ordinal="0" offset="1" sl="25" sc="9" el="25" ec="9" bec="0" bev="0" fileid="163" />
                <SequencePoint vc="1" uspid="15881" ordinal="0" offset="17" sl="26" sc="9" el="26" ec="9" bec="0" bev="0" fileid="163" />
                <SequencePoint vc="1" uspid="15882" ordinal="0" offset="18" sl="27" sc="13" el="27" ec="13" bec="0" bev="0" fileid="163" />
                <SequencePoint vc="1" uspid="15883" ordinal="0" offset="32" sl="28" sc="13" el="28" ec="13" bec="0" bev="0" fileid="163" />
                <SequencePoint vc="1" uspid="15884" ordinal="0" offset="36" sl="31" sc="9" el="31" ec="9" bec="0" bev="0" fileid="163" />
                <SequencePoint vc="2" uspid="15885" ordinal="0" offset="40" sl="32" sc="5" el="32" ec="5" bec="0" bev="0" fileid="163" />
              </SequencePoints>
              <BranchPoints />
            </Method>
            <Method visited="true" cyclomaticComplexity="0" nPathComplexity="0" sequenceCoverage="100.0" branchCoverage="0" crapScore="0" isConstructor="true" isStatic="false" isGetter="false" isSetter="false">
              <Summary numSequencePoints="2" visitedSequencePoints="2" numBranchPoints="0" visitedBranchPoints="0" sequenceCoverage="100.0" branchCoverage="0" maxCyclomaticComplexity="0" minCyclomaticComplexity="0" maxCrapScore="0" minCrapScore="0" visitedClasses="0" numClasses="0" visitedMethods="1" numMethods="1" />
              <MetadataToken>100663308</MetadataToken>
              <Name>RecruitForTest::RecruitForTest()</Name>
              <FileRef uid="163" />
              <SequencePoints>
                <SequencePoint vc="1" uspid="15886" ordinal="0" offset="0" sl="7" sc="5" el="7" ec="5" bec="0" bev="0" fileid="163" />
                <SequencePoint vc="1" uspid="15887" ordinal="0" offset="11" sl="8" sc="5" el="8" ec="5" bec="0" bev="0" fileid="163" />
              </SequencePoints>
              <BranchPoints />
            </Method>
          </Methods>
        </Class>
        <Class>
          <Summary numSequencePoints="43" visitedSequencePoints="43" numBranchPoints="0" visitedBranchPoints="0" sequenceCoverage="100.0" branchCoverage="0.0" maxCyclomaticComplexity="0" minCyclomaticComplexity="0" maxCrapScore="0" minCrapScore="0" visitedClasses="1" numClasses="1" visitedMethods="11" numMethods="11" />
          <FullName>UnitTest</FullName>
          <Methods>
            <Method visited="true" cyclomaticComplexity="0" nPathComplexity="0" sequenceCoverage="100.0" branchCoverage="0" crapScore="0" isConstructor="false" isStatic="false" isGetter="false" isSetter="false">
              <Summary numSequencePoints="4" visitedSequencePoints="4" numBranchPoints="0" visitedBranchPoints="0" sequenceCoverage="100.0" branchCoverage="0" maxCyclomaticComplexity="0" minCyclomaticComplexity="0" maxCrapScore="0" minCrapScore="0" visitedClasses="0" numClasses="0" visitedMethods="1" numMethods="1" />
              <MetadataToken>100663309</MetadataToken>
              <Name>System.Void UnitTest::CorrectSmartContractAddress()</Name>
              <FileRef uid="164" />
              <SequencePoints>
                <SequencePoint vc="1" uspid="15888" ordinal="0" offset="0" sl="15" sc="5" el="15" ec="5" bec="0" bev="0" fileid="164" />
                <SequencePoint vc="1" uspid="15889" ordinal="0" offset="1" sl="16" sc="9" el="16" ec="9" bec="0" bev="0" fileid="164" />
                <SequencePoint vc="1" uspid="15890" ordinal="0" offset="18" sl="17" sc="9" el="17" ec="9" bec="0" bev="0" fileid="164" />
                <SequencePoint vc="1" uspid="15891" ordinal="0" offset="36" sl="18" sc="5" el="18" ec="5" bec="0" bev="0" fileid="164" />
              </SequencePoints>
              <BranchPoints />
            </Method>
            <Method visited="true" cyclomaticComplexity="0" nPathComplexity="0" sequenceCoverage="100.0" branchCoverage="0" crapScore="0" isConstructor="false" isStatic="false" isGetter="false" isSetter="false">
              <Summary numSequencePoints="4" visitedSequencePoints="4" numBranchPoints="0" visitedBranchPoints="0" sequenceCoverage="100.0" branchCoverage="0" maxCyclomaticComplexity="0" minCyclomaticComplexity="0" maxCrapScore="0" minCrapScore="0" visitedClasses="0" numClasses="0" visitedMethods="1" numMethods="1" />
              <MetadataToken>100663310</MetadataToken>
              <Name>System.Void UnitTest::InColletSmartContractAddress()</Name>
              <FileRef uid="164" />
              <SequencePoints>
                <SequencePoint vc="1" uspid="15892" ordinal="0" offset="0" sl="22" sc="5" el="22" ec="5" bec="0" bev="0" fileid="164" />
                <SequencePoint vc="1" uspid="15893" ordinal="0" offset="1" sl="23" sc="9" el="23" ec="9" bec="0" bev="0" fileid="164" />
                <SequencePoint vc="1" uspid="15894" ordinal="0" offset="18" sl="24" sc="9" el="24" ec="9" bec="0" bev="0" fileid="164" />
                <SequencePoint vc="1" uspid="15895" ordinal="0" offset="36" sl="25" sc="5" el="25" ec="5" bec="0" bev="0" fileid="164" />
              </SequencePoints>
              <BranchPoints />
            </Method>
            <Method visited="true" cyclomaticComplexity="0" nPathComplexity="0" sequenceCoverage="100.0" branchCoverage="0" crapScore="0" isConstructor="false" isStatic="false" isGetter="false" isSetter="false">
              <Summary numSequencePoints="4" visitedSequencePoints="4" numBranchPoints="0" visitedBranchPoints="0" sequenceCoverage="100.0" branchCoverage="0" maxCyclomaticComplexity="0" minCyclomaticComplexity="0" maxCrapScore="0" minCrapScore="0" visitedClasses="0" numClasses="0" visitedMethods="1" numMethods="1" />
              <MetadataToken>100663311</MetadataToken>
              <Name>System.Void UnitTest::SufficientGold()</Name>
              <FileRef uid="164" />
              <SequencePoints>
                <SequencePoint vc="1" uspid="15896" ordinal="0" offset="0" sl="29" sc="5" el="29" ec="5" bec="0" bev="0" fileid="164" />
                <SequencePoint vc="1" uspid="15897" ordinal="0" offset="1" sl="30" sc="9" el="30" ec="9" bec="0" bev="0" fileid="164" />
                <SequencePoint vc="1" uspid="15898" ordinal="0" offset="15" sl="31" sc="13" el="31" ec="13" bec="0" bev="0" fileid="164" />
                <SequencePoint vc="1" uspid="15899" ordinal="0" offset="33" sl="32" sc="5" el="32" ec="5" bec="0" bev="0" fileid="164" />
              </SequencePoints>
              <BranchPoints />
            </Method>
            <Method visited="true" cyclomaticComplexity="0" nPathComplexity="0" sequenceCoverage="100.0" branchCoverage="0" crapScore="0" isConstructor="false" isStatic="false" isGetter="false" isSetter="false">
              <Summary numSequencePoints="4" visitedSequencePoints="4" numBranchPoints="0" visitedBranchPoints="0" sequenceCoverage="100.0" branchCoverage="0" maxCyclomaticComplexity="0" minCyclomaticComplexity="0" maxCrapScore="0" minCrapScore="0" visitedClasses="0" numClasses="0" visitedMethods="1" numMethods="1" />
              <MetadataToken>100663312</MetadataToken>
              <Name>System.Void UnitTest::InSufficientGold()</Name>
              <FileRef uid="164" />
              <SequencePoints>
                <SequencePoint vc="1" uspid="15900" ordinal="0" offset="0" sl="36" sc="5" el="36" ec="5" bec="0" bev="0" fileid="164" />
                <SequencePoint vc="1" uspid="15901" ordinal="0" offset="1" sl="37" sc="9" el="37" ec="9" bec="0" bev="0" fileid="164" />
                <SequencePoint vc="1" uspid="15902" ordinal="0" offset="15" sl="38" sc="13" el="38" ec="13" bec="0" bev="0" fileid="164" />
                <SequencePoint vc="1" uspid="15903" ordinal="0" offset="33" sl="39" sc="5" el="39" ec="5" bec="0" bev="0" fileid="164" />
              </SequencePoints>
              <BranchPoints />
            </Method>
            <Method visited="true" cyclomaticComplexity="0" nPathComplexity="0" sequenceCoverage="100.0" branchCoverage="0" crapScore="0" isConstructor="false" isStatic="false" isGetter="false" isSetter="false">
              <Summary numSequencePoints="4" visitedSequencePoints="4" numBranchPoints="0" visitedBranchPoints="0" sequenceCoverage="100.0" branchCoverage="0" maxCyclomaticComplexity="0" minCyclomaticComplexity="0" maxCrapScore="0" minCrapScore="0" visitedClasses="0" numClasses="0" visitedMethods="1" numMethods="1" />
              <MetadataToken>100663313</MetadataToken>
              <Name>System.Void UnitTest::CorrectWalletAddress()</Name>
              <FileRef uid="164" />
              <SequencePoints>
                <SequencePoint vc="1" uspid="15904" ordinal="0" offset="0" sl="43" sc="5" el="43" ec="5" bec="0" bev="0" fileid="164" />
                <SequencePoint vc="1" uspid="15905" ordinal="0" offset="1" sl="44" sc="9" el="44" ec="9" bec="0" bev="0" fileid="164" />
                <SequencePoint vc="1" uspid="15906" ordinal="0" offset="18" sl="45" sc="9" el="45" ec="9" bec="0" bev="0" fileid="164" />
                <SequencePoint vc="1" uspid="15907" ordinal="0" offset="36" sl="46" sc="5" el="46" ec="5" bec="0" bev="0" fileid="164" />
              </SequencePoints>
              <BranchPoints />
            </Method>
            <Method visited="true" cyclomaticComplexity="0" nPathComplexity="0" sequenceCoverage="100.0" branchCoverage="0" crapScore="0" isConstructor="false" isStatic="false" isGetter="false" isSetter="false">
              <Summary numSequencePoints="4" visitedSequencePoints="4" numBranchPoints="0" visitedBranchPoints="0" sequenceCoverage="100.0" branchCoverage="0" maxCyclomaticComplexity="0" minCyclomaticComplexity="0" maxCrapScore="0" minCrapScore="0" visitedClasses="0" numClasses="0" visitedMethods="1" numMethods="1" />
              <MetadataToken>100663314</MetadataToken>
              <Name>System.Void UnitTest::InColletWalletAddress()</Name>
              <FileRef uid="164" />
              <SequencePoints>
                <SequencePoint vc="1" uspid="15908" ordinal="0" offset="0" sl="50" sc="5" el="50" ec="5" bec="0" bev="0" fileid="164" />
                <SequencePoint vc="1" uspid="15909" ordinal="0" offset="1" sl="51" sc="9" el="51" ec="9" bec="0" bev="0" fileid="164" />
                <SequencePoint vc="1" uspid="15910" ordinal="0" offset="18" sl="52" sc="9" el="52" ec="9" bec="0" bev="0" fileid="164" />
                <SequencePoint vc="1" uspid="15911" ordinal="0" offset="36" sl="53" sc="5" el="53" ec="5" bec="0" bev="0" fileid="164" />
              </SequencePoints>
              <BranchPoints />
            </Method>
            <Method visited="true" cyclomaticComplexity="0" nPathComplexity="0" sequenceCoverage="100.0" branchCoverage="0" crapScore="0" isConstructor="false" isStatic="false" isGetter="false" isSetter="false">
              <Summary numSequencePoints="4" visitedSequencePoints="4" numBranchPoints="0" visitedBranchPoints="0" sequenceCoverage="100.0" branchCoverage="0" maxCyclomaticComplexity="0" minCyclomaticComplexity="0" maxCrapScore="0" minCrapScore="0" visitedClasses="0" numClasses="0" visitedMethods="1" numMethods="1" />
              <MetadataToken>100663315</MetadataToken>
              <Name>System.Void UnitTest::CharaterExit()</Name>
              <FileRef uid="164" />
              <SequencePoints>
                <SequencePoint vc="1" uspid="15912" ordinal="0" offset="0" sl="57" sc="5" el="57" ec="5" bec="0" bev="0" fileid="164" />
                <SequencePoint vc="1" uspid="15913" ordinal="0" offset="1" sl="58" sc="9" el="58" ec="9" bec="0" bev="0" fileid="164" />
                <SequencePoint vc="1" uspid="15914" ordinal="0" offset="14" sl="59" sc="9" el="59" ec="9" bec="0" bev="0" fileid="164" />
                <SequencePoint vc="1" uspid="15915" ordinal="0" offset="32" sl="60" sc="5" el="60" ec="5" bec="0" bev="0" fileid="164" />
              </SequencePoints>
              <BranchPoints />
            </Method>
            <Method visited="true" cyclomaticComplexity="0" nPathComplexity="0" sequenceCoverage="100.0" branchCoverage="0" crapScore="0" isConstructor="false" isStatic="false" isGetter="false" isSetter="false">
              <Summary numSequencePoints="4" visitedSequencePoints="4" numBranchPoints="0" visitedBranchPoints="0" sequenceCoverage="100.0" branchCoverage="0" maxCyclomaticComplexity="0" minCyclomaticComplexity="0" maxCrapScore="0" minCrapScore="0" visitedClasses="0" numClasses="0" visitedMethods="1" numMethods="1" />
              <MetadataToken>100663316</MetadataToken>
              <Name>System.Void UnitTest::CharaterNotExit()</Name>
              <FileRef uid="164" />
              <SequencePoints>
                <SequencePoint vc="1" uspid="15916" ordinal="0" offset="0" sl="64" sc="5" el="64" ec="5" bec="0" bev="0" fileid="164" />
                <SequencePoint vc="1" uspid="15917" ordinal="0" offset="1" sl="65" sc="9" el="65" ec="9" bec="0" bev="0" fileid="164" />
                <SequencePoint vc="1" uspid="15918" ordinal="0" offset="14" sl="66" sc="9" el="66" ec="9" bec="0" bev="0" fileid="164" />
                <SequencePoint vc="1" uspid="15919" ordinal="0" offset="32" sl="67" sc="5" el="67" ec="5" bec="0" bev="0" fileid="164" />
              </SequencePoints>
              <BranchPoints />
            </Method>
            <Method visited="true" cyclomaticComplexity="0" nPathComplexity="0" sequenceCoverage="100.0" branchCoverage="0" crapScore="0" isConstructor="false" isStatic="false" isGetter="false" isSetter="false">
              <Summary numSequencePoints="4" visitedSequencePoints="4" numBranchPoints="0" visitedBranchPoints="0" sequenceCoverage="100.0" branchCoverage="0" maxCyclomaticComplexity="0" minCyclomaticComplexity="0" maxCrapScore="0" minCrapScore="0" visitedClasses="0" numClasses="0" visitedMethods="1" numMethods="1" />
              <MetadataToken>100663317</MetadataToken>
              <Name>System.Void UnitTest::CorrectDna()</Name>
              <FileRef uid="164" />
              <SequencePoints>
                <SequencePoint vc="1" uspid="15920" ordinal="0" offset="0" sl="71" sc="5" el="71" ec="5" bec="0" bev="0" fileid="164" />
                <SequencePoint vc="1" uspid="15921" ordinal="0" offset="1" sl="72" sc="9" el="72" ec="9" bec="0" bev="0" fileid="164" />
                <SequencePoint vc="1" uspid="15922" ordinal="0" offset="18" sl="73" sc="9" el="73" ec="9" bec="0" bev="0" fileid="164" />
                <SequencePoint vc="1" uspid="15923" ordinal="0" offset="36" sl="74" sc="5" el="74" ec="5" bec="0" bev="0" fileid="164" />
              </SequencePoints>
              <BranchPoints />
            </Method>
            <Method visited="true" cyclomaticComplexity="0" nPathComplexity="0" sequenceCoverage="100.0" branchCoverage="0" crapScore="0" isConstructor="false" isStatic="false" isGetter="false" isSetter="false">
              <Summary numSequencePoints="4" visitedSequencePoints="4" numBranchPoints="0" visitedBranchPoints="0" sequenceCoverage="100.0" branchCoverage="0" maxCyclomaticComplexity="0" minCyclomaticComplexity="0" maxCrapScore="0" minCrapScore="0" visitedClasses="0" numClasses="0" visitedMethods="1" numMethods="1" />
              <MetadataToken>100663318</MetadataToken>
              <Name>System.Void UnitTest::InCorrectDna()</Name>
              <FileRef uid="164" />
              <SequencePoints>
                <SequencePoint vc="1" uspid="15924" ordinal="0" offset="0" sl="78" sc="5" el="78" ec="5" bec="0" bev="0" fileid="164" />
                <SequencePoint vc="1" uspid="15925" ordinal="0" offset="1" sl="79" sc="9" el="79" ec="9" bec="0" bev="0" fileid="164" />
                <SequencePoint vc="1" uspid="15926" ordinal="0" offset="18" sl="80" sc="9" el="80" ec="9" bec="0" bev="0" fileid="164" />
                <SequencePoint vc="1" uspid="15927" ordinal="0" offset="36" sl="81" sc="5" el="81" ec="5" bec="0" bev="0" fileid="164" />
              </SequencePoints>
              <BranchPoints />
            </Method>
            <Method visited="true" cyclomaticComplexity="0" nPathComplexity="0" sequenceCoverage="100.0" branchCoverage="0" crapScore="0" isConstructor="true" isStatic="false" isGetter="false" isSetter="false">
              <Summary numSequencePoints="3" visitedSequencePoints="3" numBranchPoints="0" visitedBranchPoints="0" sequenceCoverage="100.0" branchCoverage="0" maxCyclomaticComplexity="0" minCyclomaticComplexity="0" maxCrapScore="0" minCrapScore="0" visitedClasses="0" numClasses="0" visitedMethods="1" numMethods="1" />
              <MetadataToken>100663319</MetadataToken>
              <Name>UnitTest::UnitTest()</Name>
              <FileRef uid="164" />
              <SequencePoints>
                <SequencePoint vc="1" uspid="15928" ordinal="0" offset="0" sl="9" sc="5" el="9" ec="5" bec="0" bev="0" fileid="164" />
                <SequencePoint vc="1" uspid="15929" ordinal="0" offset="11" sl="10" sc="5" el="10" ec="5" bec="0" bev="0" fileid="164" />
                <SequencePoint vc="1" uspid="15930" ordinal="0" offset="22" sl="11" sc="5" el="11" ec="5" bec="0" bev="0" fileid="164" />
              </SequencePoints>
              <BranchPoints />
            </Method>
          </Methods>
        </Class>
      </Classes>
    </Module>
  </Modules>
</CoverageSession>